<?xml version='1.0' encoding='UTF-8'?>
<!DOCTYPE kbpentlink SYSTEM "2009-2010-2011_eval_kbpentlink.dtd">
<kbpentlink>
  <query id="EL00003">
    <name>AUSTRALIA</name>
    <docid>eng-WL-11-174596-12958279</docid>
    <entity>E0182788</entity>
  </query>
</kbpentlink>